2024-04-27T17:48:33.758-07:00  INFO 4589 --- [logdemo] [main] com.example.logdemo.LogdemoApplication   : Starting LogdemoApplication v0.0.1-SNAPSHOT using Java 17.0.7 with PID 4589 (/Users/pankajjain/Downloads/logdemo/target/logdemo-0.0.1-SNAPSHOT.jar started by pankajjain in /Users/pankajjain/Downloads/logdemo/target)
2024-04-27T17:48:33.770-07:00  INFO 4589 --- [logdemo] [main] com.example.logdemo.LogdemoApplication   : No active profile set, falling back to 1 default profile: "default"
2024-04-27T17:48:35.540-07:00  INFO 4589 --- [logdemo] [main] o.s.b.w.embedded.tomcat.TomcatWebServer  : Tomcat initialized with port 8080 (http)
2024-04-27T17:48:35.564-07:00  INFO 4589 --- [logdemo] [main] o.apache.catalina.core.StandardService   : Starting service [Tomcat]
2024-04-27T17:48:35.565-07:00  INFO 4589 --- [logdemo] [main] o.apache.catalina.core.StandardEngine    : Starting Servlet engine: [Apache Tomcat/10.1.20]
2024-04-27T17:48:35.651-07:00  INFO 4589 --- [logdemo] [main] o.a.c.c.C.[Tomcat].[localhost].[/]       : Initializing Spring embedded WebApplicationContext
2024-04-27T17:48:35.653-07:00  INFO 4589 --- [logdemo] [main] w.s.c.ServletWebServerApplicationContext : Root WebApplicationContext: initialization completed in 1683 ms
2024-04-27T17:48:36.312-07:00  INFO 4589 --- [logdemo] [main] o.s.b.w.embedded.tomcat.TomcatWebServer  : Tomcat started on port 8080 (http) with context path ''
2024-04-27T17:48:36.343-07:00  INFO 4589 --- [logdemo] [main] com.example.logdemo.LogdemoApplication   : Started LogdemoApplication in 3.607 seconds (process running for 4.502)
2024-04-27T17:48:50.681-07:00  INFO 4589 --- [logdemo] [http-nio-8080-exec-1] o.a.c.c.C.[Tomcat].[localhost].[/]       : Initializing Spring DispatcherServlet 'dispatcherServlet'
2024-04-27T17:48:50.688-07:00  INFO 4589 --- [logdemo] [http-nio-8080-exec-1] o.s.web.servlet.DispatcherServlet        : Initializing Servlet 'dispatcherServlet'
2024-04-27T17:48:50.714-07:00  INFO 4589 --- [logdemo] [http-nio-8080-exec-1] o.s.web.servlet.DispatcherServlet        : Completed initialization in 22 ms
2024-04-27T17:48:50.856-07:00  INFO 4589 --- [logdemo] [http-nio-8080-exec-1] com.example.logdemo.LogdemoApplication   : info log from app
2024-04-27 18:00:56.546 [main] INFO  c.example.logdemo.LogdemoApplication - Starting LogdemoApplication using Java 17.0.7 with PID 4669 (/Users/pankajjain/Downloads/logdemo/target/classes started by pankajjain in /Users/pankajjain/Downloads/logdemo)
2024-04-27 18:00:56.552 [main] DEBUG c.example.logdemo.LogdemoApplication - Running with Spring Boot v3.2.5, Spring v6.1.6
2024-04-27 18:00:56.555 [main] INFO  c.example.logdemo.LogdemoApplication - No active profile set, falling back to 1 default profile: "default"
2024-04-27 18:01:31.282 [main] INFO  c.example.logdemo.LogdemoApplication - Starting LogdemoApplication using Java 17.0.7 with PID 4676 (/Users/pankajjain/Downloads/logdemo/target/classes started by pankajjain in /Users/pankajjain/Downloads/logdemo)
2024-04-27 18:01:31.288 [main] DEBUG c.example.logdemo.LogdemoApplication - Running with Spring Boot v3.2.5, Spring v6.1.6
2024-04-27 18:01:31.291 [main] INFO  c.example.logdemo.LogdemoApplication - No active profile set, falling back to 1 default profile: "default"
2024-04-27 18:05:21.483 [main] INFO  c.example.logdemo.LogdemoApplication - Starting LogdemoApplication using Java 17.0.7 with PID 4711 (/Users/pankajjain/Downloads/logdemo/target/classes started by pankajjain in /Users/pankajjain/Downloads/logdemo)
2024-04-27 18:05:21.496 [main] DEBUG c.example.logdemo.LogdemoApplication - Running with Spring Boot v3.2.5, Spring v6.1.6
2024-04-27 18:05:21.498 [main] INFO  c.example.logdemo.LogdemoApplication - No active profile set, falling back to 1 default profile: "default"
2024-04-27 18:05:24.089 [main] INFO  c.example.logdemo.LogdemoApplication - Started LogdemoApplication in 4.115 seconds (process running for 5.167)
2024-04-27 18:06:04.781 [http-nio-8080-exec-1] INFO  c.example.logdemo.LogdemoApplication - info log from app
2024-04-27 18:06:04.782 [http-nio-8080-exec-1] TRACE c.example.logdemo.LogdemoApplication - trace log from app
